<?xml version="1.0" encoding="UTF-8"?>
<testsuite name="Создание таблицы и валидация размера" tests="1" skipped="0" failures="0" errors="0" timestamp="2026-03-12T19:55:15" hostname="grigory" time="1.313">
  <properties/>
  <testcase name="Выбрасывает IllegalArgumentException при размере &lt;= 0" classname="ru.itmo.tpo.HashTableTest$ConstructorTests" time="1.313"/>
  <system-out><![CDATA[]]></system-out>
  <system-err><![CDATA[Mockito is currently self-attaching to enable the inline-mock-maker. This will no longer work in future releases of the JDK. Please add Mockito as an agent to your build as described in Mockito's documentation: https://javadoc.io/doc/org.mockito/mockito-core/latest/org.mockito/org/mockito/Mockito.html#0.3
WARNING: A Java agent has been loaded dynamically (/home/grigory/.gradle/caches/modules-2/files-2.1/net.bytebuddy/byte-buddy-agent/1.17.5/58f9507f5f28d1d3e7adfb4ec2fe37c29d332c9b/byte-buddy-agent-1.17.5.jar)
WARNING: If a serviceability tool is in use, please run with -XX:+EnableDynamicAgentLoading to hide this warning
WARNING: If a serviceability tool is not in use, please run with -Djdk.instrument.traceUsage for more information
WARNING: Dynamic loading of agents will be disallowed by default in a future release
]]></system-err>
</testsuite>
