<?xml version="1.0" encoding="UTF-8"?>
<testsuite name="Поддержка null-ключей" tests="2" skipped="0" failures="0" errors="0" timestamp="2026-03-11T13:17:05" hostname="grigory" time="0.017">
  <properties/>
  <testcase name="delete(): хеш-таблица корректно удаляет элемент с null-ключом" classname="ru.itmo.tpo.HashTableTest$NullKeyTests" time="0.005"/>
  <testcase name="insert() и search(): хеш-таблица позволяет хранить и находить значение по null-ключу" classname="ru.itmo.tpo.HashTableTest$NullKeyTests" time="0.009"/>
  <system-out><![CDATA[]]></system-out>
  <system-err><![CDATA[]]></system-err>
</testsuite>
