<?xml version="1.0" encoding="UTF-8"?>
<testsuite name="Тесты для класса Story - полный сценарий встречи" tests="2" skipped="0" failures="0" errors="0" timestamp="2026-02-26T16:52:01" hostname="grigory" time="0.001">
  <properties/>
  <testcase name="Полный сценарий встречи" classname="ru.itmo.tpo.domain.StoryTest" time="0.001"/>
  <testcase name="Начальное состояние истории" classname="ru.itmo.tpo.domain.StoryTest" time="0.0"/>
  <system-out><![CDATA[]]></system-out>
  <system-err><![CDATA[]]></system-err>
</testsuite>
