<?xml version="1.0" encoding="UTF-8"?>
<testsuite name="Тесты для класса Arthur" tests="11" skipped="0" failures="0" errors="0" timestamp="2026-02-26T16:52:01" hostname="grigory" time="0.015">
  <properties/>
  <testcase name="Челюсть Артура отвисает, когда он ошеломлен" classname="ru.itmo.tpo.domain.ArthurTest" time="0.003"/>
  <testcase name="Артур не может войти в комнату дважды" classname="ru.itmo.tpo.domain.ArthurTest" time="0.001"/>
  <testcase name="Артур нервничает до входа в комнату" classname="ru.itmo.tpo.domain.ArthurTest" time="0.0"/>
  <testcase name="Артур видит невероятные вещи" classname="ru.itmo.tpo.domain.ArthurTest" time="0.0"/>
  <testcase name="Артур входит в комнату" classname="ru.itmo.tpo.domain.ArthurTest" time="0.0"/>
  <testcase name="Артур нервничает после входа в комнату - состояние не меняется" classname="ru.itmo.tpo.domain.ArthurTest" time="0.0"/>
  <testcase name="Начальное состояние Артура" classname="ru.itmo.tpo.domain.ArthurTest" time="0.0"/>
  <testcase name="Челюсть не отвисает, если Артур не ошеломлен" classname="ru.itmo.tpo.domain.ArthurTest" time="0.001"/>
  <testcase name="Артур видит три невероятные вещи" classname="ru.itmo.tpo.domain.ArthurTest" time="0.001"/>
  <testcase name="Артур становится ошеломлен" classname="ru.itmo.tpo.domain.ArthurTest" time="0.001"/>
  <testcase name="Сброс состояния Артура" classname="ru.itmo.tpo.domain.ArthurTest" time="0.001"/>
  <system-out><![CDATA[]]></system-out>
  <system-err><![CDATA[]]></system-err>
</testsuite>
