<?xml version="1.0" encoding="UTF-8"?>
<testsuite name="Тесты для класса ControlPanel" tests="3" skipped="0" failures="0" errors="0" timestamp="2026-02-26T16:52:01" hostname="grigory" time="0.003">
  <properties/>
  <testcase name="Положить ноги на пульт" classname="ru.itmo.tpo.domain.ControlPanelTest" time="0.001"/>
  <testcase name="Начальное состояние пульта управления" classname="ru.itmo.tpo.domain.ControlPanelTest" time="0.001"/>
  <testcase name="Можно положить ноги несколько раз" classname="ru.itmo.tpo.domain.ControlPanelTest" time="0.001"/>
  <system-out><![CDATA[]]></system-out>
  <system-err><![CDATA[]]></system-err>
</testsuite>
